{
  "uid" : "5a580c483d787dd9",
  "name" : "create PG datasource with form",
  "fullName" : "test_datasource.TestDataSource#test_postgres",
  "historyId" : "c237dd82ddad2feda3f10d0d2ed5220a",
  "time" : {
    "start" : 1666094752292,
    "stop" : 1666094762467,
    "duration" : 10175
  },
  "status" : "failed",
  "statusMessage" : "AssertionError: assert 'invalid' == 'ready'\n  - ready\n  + invalid",
  "statusTrace" : "self = <test.test_datasource.TestDataSource object at 0x7ff52cde5c50>\n\n    @allure.title(\"create PG datasource with form\")\n    def test_postgres(self):\n        host, port = env['postgres.HOST'].split(\":\")\n        test_ds = DataSource(\"postgresql\", f\"test_postgres_{random_str()}\")\n        test_ds.host(host).database(env['postgres.DB']).user(env['postgres.USERNAME']) \\\n            .password(env['postgres.PASSWORD']).schema(\"admin\").port(int(port))\n        assert test_ds.save()\n        assert test_ds.validate()\n>       assert test_ds.status() == \"ready\"\nE       AssertionError: assert 'invalid' == 'ready'\nE         - ready\nE         + invalid\n\ntest_datasource.py:59: AssertionError",
  "flaky" : false,
  "newFailed" : false,
  "beforeStages" : [ ],
  "testStage" : {
    "status" : "failed",
    "statusMessage" : "AssertionError: assert 'invalid' == 'ready'\n  - ready\n  + invalid",
    "statusTrace" : "self = <test.test_datasource.TestDataSource object at 0x7ff52cde5c50>\n\n    @allure.title(\"create PG datasource with form\")\n    def test_postgres(self):\n        host, port = env['postgres.HOST'].split(\":\")\n        test_ds = DataSource(\"postgresql\", f\"test_postgres_{random_str()}\")\n        test_ds.host(host).database(env['postgres.DB']).user(env['postgres.USERNAME']) \\\n            .password(env['postgres.PASSWORD']).schema(\"admin\").port(int(port))\n        assert test_ds.save()\n        assert test_ds.validate()\n>       assert test_ds.status() == \"ready\"\nE       AssertionError: assert 'invalid' == 'ready'\nE         - ready\nE         + invalid\n\ntest_datasource.py:59: AssertionError",
    "steps" : [ ],
    "attachments" : [ {
      "uid" : "7d6e9477055a7789",
      "name" : "stdout",
      "source" : "7d6e9477055a7789.txt",
      "type" : "text/plain",
      "size" : 824
    } ],
    "parameters" : [ ],
    "stepsCount" : 0,
    "attachmentsCount" : 1,
    "shouldDisplayMessage" : true,
    "hasContent" : true
  },
  "afterStages" : [ ],
  "labels" : [ {
    "name" : "feature",
    "value" : "datasource"
  }, {
    "name" : "suite",
    "value" : "test_datasource"
  }, {
    "name" : "subSuite",
    "value" : "TestDataSource"
  }, {
    "name" : "host",
    "value" : "719d57905cd0"
  }, {
    "name" : "thread",
    "value" : "885-MainThread"
  }, {
    "name" : "framework",
    "value" : "pytest"
  }, {
    "name" : "language",
    "value" : "cpython3"
  }, {
    "name" : "package",
    "value" : "test_datasource"
  }, {
    "name" : "resultFormat",
    "value" : "allure2"
  } ],
  "parameters" : [ ],
  "links" : [ ],
  "hidden" : false,
  "retry" : false,
  "extra" : {
    "severity" : "normal",
    "retries" : [ ],
    "categories" : [ {
      "name" : "Product defects",
      "matchedStatuses" : [ ],
      "flaky" : false
    } ],
    "tags" : [ ]
  },
  "source" : "5a580c483d787dd9.json",
  "parameterValues" : [ ]
}